2023-01-25 22:27:31,026 WARNING  log log.py Not Found: /media/photos/2023/01/18/15910177301560.png 
2023-01-25 22:27:31,028 WARNING  log log.py Not Found: /media/photos/2023/01/15/scale_1200.webp 
2023-01-25 22:27:31,030 WARNING  basehttp basehttp.py "GET /media/photos/2023/01/18/15910177301560.png HTTP/1.1" 404 17 
2023-01-25 22:27:31,031 WARNING  basehttp basehttp.py "GET /media/photos/2023/01/15/scale_1200.webp HTTP/1.1" 404 17 
2023-01-25 22:27:31,034 WARNING  log log.py Not Found: /media/photos/2023/01/02/543-9a6d5dc5b946eb9a62d2f62422af011c.png 
2023-01-25 22:27:31,036 WARNING  log log.py Not Found: /media/photos/2023/01/07/15800683022690.jpg 
2023-01-25 22:27:31,037 WARNING  basehttp basehttp.py "GET /media/photos/2023/01/02/543-9a6d5dc5b946eb9a62d2f62422af011c.png HTTP/1.1" 404 17 
2023-01-25 22:27:31,038 WARNING  basehttp basehttp.py "GET /media/photos/2023/01/07/15800683022690.jpg HTTP/1.1" 404 17 
2023-01-25 22:27:31,064 WARNING  log log.py Not Found: /media/photos/2023/01/05/Lukashenko_potato_big.jpg 
2023-01-25 22:27:31,066 WARNING  basehttp basehttp.py "GET /media/photos/2023/01/05/Lukashenko_potato_big.jpg HTTP/1.1" 404 17 
2023-01-25 22:27:31,080 WARNING  log log.py Not Found: /media/photos/2023/01/06/You_Shall_Not_Pass_0-1_screenshot.jpg 
2023-01-25 22:27:31,081 WARNING  log log.py Not Found: /media/photos/2023/01/03/iStock-579733578-e1573574017848-1024x499.jpg 
2023-01-25 22:27:31,082 WARNING  log log.py Not Found: /media/photos/2023/01/02/scale_1200.webp 
2023-01-25 22:27:31,084 WARNING  log log.py Not Found: /media/photos/2022/12/28/84482761-e1af-4749-ac54-ac2d26e2e8fb.jpg 
2023-01-25 22:27:31,085 WARNING  basehttp basehttp.py "GET /media/photos/2023/01/06/You_Shall_Not_Pass_0-1_screenshot.jpg HTTP/1.1" 404 17 
2023-01-25 22:27:31,085 WARNING  basehttp basehttp.py "GET /media/photos/2023/01/03/iStock-579733578-e1573574017848-1024x499.jpg HTTP/1.1" 404 17 
2023-01-25 22:27:31,088 WARNING  log log.py Not Found: /media/photos/2023/01/02/slug-3612269_1.jpg 
2023-01-25 22:27:31,088 WARNING  basehttp basehttp.py "GET /media/photos/2023/01/02/scale_1200.webp HTTP/1.1" 404 17 
2023-01-25 22:27:31,089 WARNING  basehttp basehttp.py "GET /media/photos/2022/12/28/84482761-e1af-4749-ac54-ac2d26e2e8fb.jpg HTTP/1.1" 404 17 
2023-01-25 22:27:31,092 WARNING  basehttp basehttp.py "GET /media/photos/2023/01/02/slug-3612269_1.jpg HTTP/1.1" 404 17 
2023-01-25 22:28:18,066 WARNING  log log.py Not Found: /media/photos/2023/01/05/Lukashenko_potato_big.jpg 
2023-01-25 22:28:18,067 WARNING  basehttp basehttp.py "GET /media/photos/2023/01/05/Lukashenko_potato_big.jpg HTTP/1.1" 404 17 
2023-01-25 22:28:19,065 WARNING  log log.py Not Found: /media/photos/2023/01/18/15910177301560.png 
2023-01-25 22:28:19,067 WARNING  log log.py Not Found: /media/photos/2023/01/15/scale_1200.webp 
2023-01-25 22:28:19,068 WARNING  basehttp basehttp.py "GET /media/photos/2023/01/18/15910177301560.png HTTP/1.1" 404 17 
2023-01-25 22:28:19,069 WARNING  basehttp basehttp.py "GET /media/photos/2023/01/15/scale_1200.webp HTTP/1.1" 404 17 
2023-01-25 22:28:23,000 WARNING  log log.py Not Found: /media/photos/2023/01/18/15910177301560.png 
2023-01-25 22:28:23,002 WARNING  basehttp basehttp.py "GET /media/photos/2023/01/18/15910177301560.png HTTP/1.1" 404 17 
2023-01-25 22:28:23,021 WARNING  log log.py Not Found: /media/photos/2023/01/15/scale_1200.webp 
2023-01-25 22:28:23,022 WARNING  basehttp basehttp.py "GET /media/photos/2023/01/15/scale_1200.webp HTTP/1.1" 404 17 
2023-01-25 22:28:23,062 WARNING  log log.py Not Found: /media/photos/2023/01/02/543-9a6d5dc5b946eb9a62d2f62422af011c.png 
2023-01-25 22:28:23,064 WARNING  log log.py Not Found: /media/photos/2023/01/07/15800683022690.jpg 
2023-01-25 22:28:23,066 WARNING  log log.py Not Found: /media/photos/2023/01/05/Lukashenko_potato_big.jpg 
2023-01-25 22:28:23,067 WARNING  log log.py Not Found: /media/photos/2023/01/06/You_Shall_Not_Pass_0-1_screenshot.jpg 
2023-01-25 22:28:23,068 WARNING  basehttp basehttp.py "GET /media/photos/2023/01/02/543-9a6d5dc5b946eb9a62d2f62422af011c.png HTTP/1.1" 404 17 
2023-01-25 22:28:23,069 WARNING  basehttp basehttp.py "GET /media/photos/2023/01/07/15800683022690.jpg HTTP/1.1" 404 17 
2023-01-25 22:28:23,070 WARNING  basehttp basehttp.py "GET /media/photos/2023/01/05/Lukashenko_potato_big.jpg HTTP/1.1" 404 17 
2023-01-25 22:28:23,071 WARNING  basehttp basehttp.py "GET /media/photos/2023/01/06/You_Shall_Not_Pass_0-1_screenshot.jpg HTTP/1.1" 404 17 
2023-01-25 22:28:23,087 WARNING  log log.py Not Found: /media/photos/2023/01/03/iStock-579733578-e1573574017848-1024x499.jpg 
2023-01-25 22:28:23,094 WARNING  log log.py Not Found: /media/photos/2023/01/02/scale_1200.webp 
2023-01-25 22:28:23,095 WARNING  basehttp basehttp.py "GET /media/photos/2023/01/03/iStock-579733578-e1573574017848-1024x499.jpg HTTP/1.1" 404 17 
2023-01-25 22:28:23,097 WARNING  log log.py Not Found: /media/photos/2022/12/28/84482761-e1af-4749-ac54-ac2d26e2e8fb.jpg 
2023-01-25 22:28:23,100 WARNING  log log.py Not Found: /media/photos/2023/01/02/slug-3612269_1.jpg 
2023-01-25 22:28:23,100 WARNING  basehttp basehttp.py "GET /media/photos/2023/01/02/scale_1200.webp HTTP/1.1" 404 17 
2023-01-25 22:28:23,101 WARNING  basehttp basehttp.py "GET /media/photos/2022/12/28/84482761-e1af-4749-ac54-ac2d26e2e8fb.jpg HTTP/1.1" 404 17 
2023-01-25 22:28:23,102 WARNING  basehttp basehttp.py "GET /media/photos/2023/01/02/slug-3612269_1.jpg HTTP/1.1" 404 17 
